<?xml version="1.0" encoding="UTF-8"?>
<testsuite name="com.thelogicmaster.clearwing.jdk8test.JDK8ValidationTest" tests="15" skipped="0" failures="0" errors="0" timestamp="2025-07-04T15:05:44" hostname="xiaoyumengdeMac-mini.local" time="0.018">
  <properties/>
  <testcase name="Stream API Terminal Operations Work" classname="com.thelogicmaster.clearwing.jdk8test.JDK8ValidationTest" time="0.005"/>
  <testcase name="Complete JDK 8 Integration Test" classname="com.thelogicmaster.clearwing.jdk8test.JDK8ValidationTest" time="0.004"/>
  <testcase name="Stream API Collect Operations Work" classname="com.thelogicmaster.clearwing.jdk8test.JDK8ValidationTest" time="0.001"/>
  <testcase name="Method References Work Correctly" classname="com.thelogicmaster.clearwing.jdk8test.JDK8ValidationTest" time="0.001"/>
  <testcase name="Stream API Filter Operations Work" classname="com.thelogicmaster.clearwing.jdk8test.JDK8ValidationTest" time="0.0"/>
  <testcase name="Stream Sorting and Distinct Work" classname="com.thelogicmaster.clearwing.jdk8test.JDK8ValidationTest" time="0.0"/>
  <testcase name="Stream API Reduce Operations Work" classname="com.thelogicmaster.clearwing.jdk8test.JDK8ValidationTest" time="0.001"/>
  <testcase name="Functional Interfaces Work Correctly" classname="com.thelogicmaster.clearwing.jdk8test.JDK8ValidationTest" time="0.001"/>
  <testcase name="Stream Limit and Skip Work" classname="com.thelogicmaster.clearwing.jdk8test.JDK8ValidationTest" time="0.0"/>
  <testcase name="Stream API Map Operations Work" classname="com.thelogicmaster.clearwing.jdk8test.JDK8ValidationTest" time="0.0"/>
  <testcase name="Optional API Works Correctly" classname="com.thelogicmaster.clearwing.jdk8test.JDK8ValidationTest" time="0.001"/>
  <testcase name="Lambda Expressions Work Correctly" classname="com.thelogicmaster.clearwing.jdk8test.JDK8ValidationTest" time="0.0"/>
  <testcase name="Stream Grouping Operations Work" classname="com.thelogicmaster.clearwing.jdk8test.JDK8ValidationTest" time="0.001"/>
  <testcase name="Stream Complex Pipeline Works" classname="com.thelogicmaster.clearwing.jdk8test.JDK8ValidationTest" time="0.0"/>
  <testcase name="Default Methods Work Correctly" classname="com.thelogicmaster.clearwing.jdk8test.JDK8ValidationTest" time="0.0"/>
  <system-out><![CDATA[✅ All JDK 8 features working correctly!
]]></system-out>
  <system-err><![CDATA[]]></system-err>
</testsuite>
