<?xml version="1.0" encoding="UTF-8"?>
<testsuite name="com.thelogicmaster.clearwing.jdk17test.JDK17ValidationTest" tests="10" skipped="0" failures="0" errors="0" timestamp="2025-07-04T14:51:47" hostname="xiaoyumengdeMac-mini.local" time="0.012">
  <properties/>
  <testcase name="Module System Works" classname="com.thelogicmaster.clearwing.jdk17test.JDK17ValidationTest" time="0.005"/>
  <testcase name="JDK 11 String Methods Work" classname="com.thelogicmaster.clearwing.jdk17test.JDK17ValidationTest" time="0.001"/>
  <testcase name="Pattern Matching instanceof (if supported)" classname="com.thelogicmaster.clearwing.jdk17test.JDK17ValidationTest" time="0.0"/>
  <testcase name="Comprehensive Integration Test" classname="com.thelogicmaster.clearwing.jdk17test.JDK17ValidationTest" time="0.002"/>
  <testcase name="JDK 15 String Formatting Works" classname="com.thelogicmaster.clearwing.jdk17test.JDK17ValidationTest" time="0.0"/>
  <testcase name="JDK 14+ Record/Sealed Class Detection Works" classname="com.thelogicmaster.clearwing.jdk17test.JDK17ValidationTest" time="0.0"/>
  <testcase name="Text Blocks Work (if supported by compiler)" classname="com.thelogicmaster.clearwing.jdk17test.JDK17ValidationTest" time="0.0"/>
  <testcase name="Backward Compatibility with JDK 8 Features" classname="com.thelogicmaster.clearwing.jdk17test.JDK17ValidationTest" time="0.0"/>
  <testcase name="JDK 9 Collection Factory Methods Work" classname="com.thelogicmaster.clearwing.jdk17test.JDK17ValidationTest" time="0.0"/>
  <testcase name="JDK 9 Class Methods Work" classname="com.thelogicmaster.clearwing.jdk17test.JDK17ValidationTest" time="0.0"/>
  <system-out><![CDATA[✅ All JDK 17 features working correctly!
Sealed class methods not available in this JDK version
Record methods not available in this JDK version
]]></system-out>
  <system-err><![CDATA[]]></system-err>
</testsuite>
